<?xml version="1.0" encoding="UTF-8"?>
<!-- Generated by org.testng.reporters.JUnitReportReporter -->
<testsuite hostname="mindc1d260" failures="0" tests="1" name="Runner.Test6" time="4.478" errors="0" timestamp="2022-06-04T19:08:26 IST" skipped="0">
  <testcase classname="Runner.Test6" name="test" time="4.478"/>
  <system-out/>
</testsuite> <!-- Runner.Test6 -->
