<?xml version="1.0" encoding="UTF-8"?>
<!-- Generated by org.testng.reporters.JUnitReportReporter -->
<testsuite hostname="LAPTOP-T7C6C30C" failures="0" tests="1" name="runtest.Test8" time="4.073" errors="0" timestamp="2022-06-06T10:16:36 IST" skipped="0">
  <testcase classname="runtest.Test8" name="test" time="4.073"/>
  <system-out/>
</testsuite> <!-- runtest.Test8 -->
