<?xml version="1.0" encoding="UTF-8"?>
<!-- Generated by org.testng.reporters.JUnitReportReporter -->
<testsuite hostname="mindc1d260" failures="0" tests="1" name="Runner.Test2" time="3.589" errors="0" timestamp="2022-06-04T19:08:26 IST" skipped="0">
  <testcase classname="Runner.Test2" name="test" time="3.589"/>
  <system-out/>
</testsuite> <!-- Runner.Test2 -->
