<?xml version="1.0" encoding="UTF-8"?>
<!-- Generated by org.testng.reporters.JUnitReportReporter -->
<testsuite hostname="mindc1d260" failures="0" tests="1" name="Runner.Test10" time="6.226" errors="0" timestamp="2022-06-04T19:08:26 IST" skipped="0">
  <testcase classname="Runner.Test10" name="test" time="6.226"/>
  <system-out/>
</testsuite> <!-- Runner.Test10 -->
