<?xml version="1.0" encoding="UTF-8"?>
<!-- Generated by org.testng.reporters.JUnitReportReporter -->
<testsuite hostname="LAPTOP-T7C6C30C" failures="0" tests="1" name="runtest.Test5" time="3.254" errors="0" timestamp="2022-06-06T10:16:36 IST" skipped="0">
  <testcase classname="runtest.Test5" name="test" time="3.254"/>
  <system-out/>
</testsuite> <!-- runtest.Test5 -->
